<?xml version="1.0" encoding="utf-8"?><testsuites><testsuite name="pytest" errors="0" failures="0" skipped="0" tests="5" time="1.606" timestamp="2025-02-13T13:57:41.546489-03:00" hostname="pc029-ubu"><testcase classname="tests.utils.replay_buffer.test_base" name="test_add" time="0.002" /><testcase classname="tests.utils.replay_buffer.test_base" name="test_add_multiple_experiences" time="0.001" /><testcase classname="tests.utils.replay_buffer.test_base" name="test_clear" time="0.001" /><testcase classname="tests.utils.replay_buffer.test_torch" name="test_sample[1]" time="0.010" /><testcase classname="tests.utils.replay_buffer.test_torch" name="test_sample[2]" time="0.001" /></testsuite></testsuites>